build/outputs/logs/manifest-merger-fdroid-debug-report.txt
-- Merging decision tree log ---
manifest
ADDED from src\main\AndroidManifest.xml:2:1-94:12
INJECTED from src\main\AndroidManifest.xml:2:1-94:12
INJECTED from src\main\AndroidManifest.xml:2:1-94:12
INJECTED from src\main\AndroidManifest.xml:2:1-94:12
MERGED from [com.android.support:appcompat-v7:27.1.1] AndroidManifest.xml:17:1-22:12
MERGED from [com.github.j4velin.colorpicker:colorpicker:1.20.6] AndroidManifest.xml:2:1-18:12
MERGED from [com.github.j4velin.EazeGraph:EazeGraph:1.0.3] AndroidManifest.xml:2:1-16:12
MERGED from [com.android.support:support-fragment:27.1.1] AndroidManifest.xml:17:1-22:12
MERGED from [com.android.support:animated-vector-drawable:27.1.1] AndroidManifest.xml:17:1-22:12
MERGED from [com.android.support:support-vector-drawable:27.1.1] AndroidManifest.xml:17:1-22:12
MERGED from [com.android.support:recyclerview-v7:27.0.2] AndroidManifest.xml:17:1-22:12
MERGED from [com.android.support:palette-v7:27.0.2] AndroidManifest.xml:17:1-22:12
MERGED from [com.android.support:support-core-ui:27.1.1] AndroidManifest.xml:17:1-22:12
MERGED from [com.android.support:support-core-utils:27.1.1] AndroidManifest.xml:17:1-22:12
MERGED from [com.android.support:support-compat:27.1.1] AndroidManifest.xml:17:1-22:12
MERGED from [android.arch.lifecycle:livedata-core:1.1.0] AndroidManifest.xml:17:1-22:12
MERGED from [android.arch.lifecycle:viewmodel:1.1.0] AndroidManifest.xml:17:1-22:12
MERGED from [android.arch.lifecycle:runtime:1.1.0] AndroidManifest.xml:17:1-22:12
MERGED from [android.arch.core:runtime:1.1.0] AndroidManifest.xml:17:1-22:12
INJECTED from src\main\AndroidManifest.xml:2:1-94:12
INJECTED from src\main\AndroidManifest.xml:2:1-94:12
INJECTED from src\main\AndroidManifest.xml:2:1-94:12
	package
		ADDED from src\main\AndroidManifest.xml:3:5-35
		INJECTED from src\main\AndroidManifest.xml
		INJECTED from src\main\AndroidManifest.xml
	android:versionName
		ADDED from src\main\AndroidManifest.xml:7:5-33
		INJECTED from src\main\AndroidManifest.xml
		INJECTED from src\main\AndroidManifest.xml
	xmlns:tools
		ADDED from src\main\AndroidManifest.xml:5:5-51
	xmlns:android
		ADDED from src\main\AndroidManifest.xml:4:5-63
	android:versionCode
		ADDED from src\main\AndroidManifest.xml:6:5-31
		INJECTED from src\main\AndroidManifest.xml
		INJECTED from src\main\AndroidManifest.xml
uses-sdk
ADDED from src\main\AndroidManifest.xml:9:5-11:40
MERGED from [com.android.support:appcompat-v7:27.1.1] AndroidManifest.xml:20:5-44
MERGED from [com.android.support:appcompat-v7:27.1.1] AndroidManifest.xml:20:5-44
MERGED from [com.github.j4velin.colorpicker:colorpicker:1.20.6] AndroidManifest.xml:7:5-9:41
MERGED from [com.github.j4velin.colorpicker:colorpicker:1.20.6] AndroidManifest.xml:7:5-9:41
MERGED from [com.github.j4velin.EazeGraph:EazeGraph:1.0.3] AndroidManifest.xml:7:5-9:41
MERGED from [com.github.j4velin.EazeGraph:EazeGraph:1.0.3] AndroidManifest.xml:7:5-9:41
MERGED from [com.android.support:support-fragment:27.1.1] AndroidManifest.xml:20:5-44
MERGED from [com.android.support:support-fragment:27.1.1] AndroidManifest.xml:20:5-44
MERGED from [com.android.support:animated-vector-drawable:27.1.1] AndroidManifest.xml:20:5-44
MERGED from [com.android.support:animated-vector-drawable:27.1.1] AndroidManifest.xml:20:5-44
MERGED from [com.android.support:support-vector-drawable:27.1.1] AndroidManifest.xml:20:5-44
MERGED from [com.android.support:support-vector-drawable:27.1.1] AndroidManifest.xml:20:5-44
MERGED from [com.android.support:recyclerview-v7:27.0.2] AndroidManifest.xml:20:5-44
MERGED from [com.android.support:recyclerview-v7:27.0.2] AndroidManifest.xml:20:5-44
MERGED from [com.android.support:palette-v7:27.0.2] AndroidManifest.xml:20:5-44
MERGED from [com.android.support:palette-v7:27.0.2] AndroidManifest.xml:20:5-44
MERGED from [com.android.support:support-core-ui:27.1.1] AndroidManifest.xml:20:5-44
MERGED from [com.android.support:support-core-ui:27.1.1] AndroidManifest.xml:20:5-44
MERGED from [com.android.support:support-core-utils:27.1.1] AndroidManifest.xml:20:5-44
MERGED from [com.android.support:support-core-utils:27.1.1] AndroidManifest.xml:20:5-44
MERGED from [com.android.support:support-compat:27.1.1] AndroidManifest.xml:20:5-44
MERGED from [com.android.support:support-compat:27.1.1] AndroidManifest.xml:20:5-44
MERGED from [android.arch.lifecycle:livedata-core:1.1.0] AndroidManifest.xml:20:5-44
MERGED from [android.arch.lifecycle:livedata-core:1.1.0] AndroidManifest.xml:20:5-44
MERGED from [android.arch.lifecycle:viewmodel:1.1.0] AndroidManifest.xml:20:5-44
MERGED from [android.arch.lifecycle:viewmodel:1.1.0] AndroidManifest.xml:20:5-44
MERGED from [android.arch.lifecycle:runtime:1.1.0] AndroidManifest.xml:20:5-44
MERGED from [android.arch.lifecycle:runtime:1.1.0] AndroidManifest.xml:20:5-44
MERGED from [android.arch.core:runtime:1.1.0] AndroidManifest.xml:20:5-44
MERGED from [android.arch.core:runtime:1.1.0] AndroidManifest.xml:20:5-44
	android:targetSdkVersion
		ADDED from src\main\AndroidManifest.xml:11:9-38
	android:minSdkVersion
		ADDED from src\main\AndroidManifest.xml:10:9-35
uses-feature#android.hardware.sensor.stepcounter
ADDED from src\main\AndroidManifest.xml:13:5-15:34
	android:required
		ADDED from src\main\AndroidManifest.xml:15:9-32
	android:name
		ADDED from src\main\AndroidManifest.xml:14:9-59
uses-permission#android.permission.RECEIVE_BOOT_COMPLETED
ADDED from src\main\AndroidManifest.xml:17:5-80
	android:name
		ADDED from src\main\AndroidManifest.xml:17:22-78
uses-permission#android.permission.WRITE_EXTERNAL_STORAGE
ADDED from src\main\AndroidManifest.xml:18:5-80
	android:name
		ADDED from src\main\AndroidManifest.xml:18:22-78
uses-permission#android.permission.FOREGROUND_SERVICE
ADDED from src\main\AndroidManifest.xml:19:5-76
	android:name
		ADDED from src\main\AndroidManifest.xml:19:22-74
uses-permission#android.permission.WAKE_LOCK
ADDED from src\main\AndroidManifest.xml:20:5-67
	android:name
		ADDED from src\main\AndroidManifest.xml:20:22-65
application
ADDED from src\main\AndroidManifest.xml:22:5-92:19
MERGED from [com.github.j4velin.colorpicker:colorpicker:1.20.6] AndroidManifest.xml:11:5-16:19
MERGED from [com.github.j4velin.colorpicker:colorpicker:1.20.6] AndroidManifest.xml:11:5-16:19
MERGED from [com.github.j4velin.EazeGraph:EazeGraph:1.0.3] AndroidManifest.xml:11:5-14:19
MERGED from [com.github.j4velin.EazeGraph:EazeGraph:1.0.3] AndroidManifest.xml:11:5-14:19
	android:label
		ADDED from src\main\AndroidManifest.xml:25:9-41
		REJECTED from [com.github.j4velin.EazeGraph:EazeGraph:1.0.3] AndroidManifest.xml:13:9-41
	android:icon
		ADDED from src\main\AndroidManifest.xml:24:9-43
	android:allowBackup
		ADDED from src\main\AndroidManifest.xml:23:9-35
	android:theme
		ADDED from src\main\AndroidManifest.xml:26:9-79
	tools:replace
		ADDED from src\main\AndroidManifest.xml:27:9-30
activity#de.j4velin.pedometer.ui.Activity_Main
ADDED from src\main\AndroidManifest.xml:29:9-38:20
	android:label
		ADDED from src\main\AndroidManifest.xml:31:13-45
	android:launchMode
		ADDED from src\main\AndroidManifest.xml:32:13-44
	android:name
		ADDED from src\main\AndroidManifest.xml:30:13-45
intent-filter#android.intent.action.MAIN+android.intent.category.LAUNCHER
ADDED from src\main\AndroidManifest.xml:33:13-37:29
action#android.intent.action.MAIN
ADDED from src\main\AndroidManifest.xml:34:17-68
	android:name
		ADDED from src\main\AndroidManifest.xml:34:25-66
category#android.intent.category.LAUNCHER
ADDED from src\main\AndroidManifest.xml:36:17-76
	android:name
		ADDED from src\main\AndroidManifest.xml:36:27-74
receiver#de.j4velin.pedometer.BootReceiver
ADDED from src\main\AndroidManifest.xml:40:9-44:20
	android:name
		ADDED from src\main\AndroidManifest.xml:40:19-47
intent-filter#android.intent.action.BOOT_COMPLETED
ADDED from src\main\AndroidManifest.xml:41:13-43:29
action#android.intent.action.BOOT_COMPLETED
ADDED from src\main\AndroidManifest.xml:42:17-78
	android:name
		ADDED from src\main\AndroidManifest.xml:42:25-76
receiver#de.j4velin.pedometer.AppUpdatedReceiver
ADDED from src\main\AndroidManifest.xml:45:9-49:20
	android:name
		ADDED from src\main\AndroidManifest.xml:45:19-53
intent-filter#android.intent.action.MY_PACKAGE_REPLACED
ADDED from src\main\AndroidManifest.xml:46:13-48:29
action#android.intent.action.MY_PACKAGE_REPLACED
ADDED from src\main\AndroidManifest.xml:47:17-83
	android:name
		ADDED from src\main\AndroidManifest.xml:47:25-81
service#de.j4velin.pedometer.SensorListener
ADDED from src\main\AndroidManifest.xml:51:9-52:45
	android:name
		ADDED from src\main\AndroidManifest.xml:52:13-43
service#de.j4velin.pedometer.widget.DashClock
ADDED from src\main\AndroidManifest.xml:54:9-70:19
	android:permission
		ADDED from src\main\AndroidManifest.xml:56:13-98
	android:name
		ADDED from src\main\AndroidManifest.xml:55:13-45
intent-filter#com.google.android.apps.dashclock.Extension
ADDED from src\main\AndroidManifest.xml:57:13-59:29
action#com.google.android.apps.dashclock.Extension
ADDED from src\main\AndroidManifest.xml:58:17-85
	android:name
		ADDED from src\main\AndroidManifest.xml:58:25-83
meta-data#protocolVersion
ADDED from src\main\AndroidManifest.xml:61:13-63:36
	android:value
		ADDED from src\main\AndroidManifest.xml:63:17-34
	android:name
		ADDED from src\main\AndroidManifest.xml:62:17-47
meta-data#worldReadable
ADDED from src\main\AndroidManifest.xml:64:13-66:39
	android:value
		ADDED from src\main\AndroidManifest.xml:66:17-37
	android:name
		ADDED from src\main\AndroidManifest.xml:65:17-45
meta-data#description
ADDED from src\main\AndroidManifest.xml:67:13-69:65
	android:value
		ADDED from src\main\AndroidManifest.xml:69:17-63
	android:name
		ADDED from src\main\AndroidManifest.xml:68:17-43
activity#de.j4velin.pedometer.widget.WidgetConfig
ADDED from src\main\AndroidManifest.xml:72:9-78:20
	android:theme
		ADDED from src\main\AndroidManifest.xml:74:13-73
	android:name
		ADDED from src\main\AndroidManifest.xml:73:13-48
intent-filter#android.appwidget.action.APPWIDGET_CONFIGURE
ADDED from src\main\AndroidManifest.xml:75:13-77:29
action#android.appwidget.action.APPWIDGET_CONFIGURE
ADDED from src\main\AndroidManifest.xml:76:17-86
	android:name
		ADDED from src\main\AndroidManifest.xml:76:25-84
receiver#de.j4velin.pedometer.widget.Widget
ADDED from src\main\AndroidManifest.xml:80:9-88:20
	android:name
		ADDED from src\main\AndroidManifest.xml:80:19-48
intent-filter#android.appwidget.action.APPWIDGET_UPDATE
ADDED from src\main\AndroidManifest.xml:81:13-83:29
action#android.appwidget.action.APPWIDGET_UPDATE
ADDED from src\main\AndroidManifest.xml:82:17-83
	android:name
		ADDED from src\main\AndroidManifest.xml:82:25-81
meta-data#android.appwidget.provider
ADDED from src\main\AndroidManifest.xml:85:13-87:49
	android:resource
		ADDED from src\main\AndroidManifest.xml:87:17-47
	android:name
		ADDED from src\main\AndroidManifest.xml:86:17-58
service#de.j4velin.pedometer.widget.WidgetUpdateService
ADDED from src\main\AndroidManifest.xml:90:9-91:76
	android:exported
		ADDED from src\main\AndroidManifest.xml:90:61-84
	android:permission
		ADDED from src\main\AndroidManifest.xml:91:18-74
	android:name
		ADDED from src\main\AndroidManifest.xml:90:18-60
activity#de.j4velin.lib.colorpicker.ExtractFromPhoto
ADDED from [com.github.j4velin.colorpicker:colorpicker:1.20.6] AndroidManifest.xml:12:9-15:54
	android:hardwareAccelerated
		ADDED from [com.github.j4velin.colorpicker:colorpicker:1.20.6] AndroidManifest.xml:14:13-48
	android:theme
		ADDED from [com.github.j4velin.colorpicker:colorpicker:1.20.6] AndroidManifest.xml:15:13-51
	android:name
		ADDED from [com.github.j4velin.colorpicker:colorpicker:1.20.6] AndroidManifest.xml:13:13-71